<?xml version="1.0" encoding="UTF-8"?>
<!-- Generated by org.testng.reporters.JUnitReportReporter -->
<testsuite skipped="0" hostname="RINMAC205" name="com.craftsvilla.scripts.AccessoriesScripts" tests="1" failures="0" timestamp="26 Feb 2018 01:28:22 GMT" time="15.286" errors="0">
  <testcase name="AddWatchToCart" time="15.286" classname="com.craftsvilla.scripts.AccessoriesScripts"/>
</testsuite> <!-- com.craftsvilla.scripts.AccessoriesScripts -->
